<?xml version="1.0" encoding="UTF-8"?>
<!-- Generated by org.testng.reporters.JUnitReportReporter -->
<testsuite skipped="0" hostname="DESKTOP-7DIC8F6" name="dominoFramework.DefaultPageTest" tests="1" failures="0" timestamp="17 Jan 2018 00:40:45 GMT" time="25.001" errors="0">
  <testcase name="ClickCreateOneLinkNewTab" time="25.001" classname="dominoFramework.DefaultPageTest"/>
</testsuite> <!-- dominoFramework.DefaultPageTest -->
