<?xml version="1.0" encoding="UTF-8"?>
<!-- Generated by org.testng.reporters.JUnitReportReporter -->
<testsuite skipped="0" hostname="DESKTOP-7DIC8F6" name="dominoFramework.test.DefaultPageTest" tests="9" failures="0" timestamp="17 Jan 2018 18:35:48 GMT" time="136.872" errors="0">
  <testcase name="ClickSignInandEarn" time="9.755" classname="dominoFramework.test.DefaultPageTest"/>
  <testcase name="ClickSideTopCoupon" time="15.139" classname="dominoFramework.test.DefaultPageTest"/>
  <testcase name="ClickDeliveryButton" time="18.367" classname="dominoFramework.test.DefaultPageTest"/>
  <testcase name="ClickCreateOneLinkNewWindow" time="11.632" classname="dominoFramework.test.DefaultPageTest"/>
  <testcase name="ClickCarryOutButton" time="14.324" classname="dominoFramework.test.DefaultPageTest"/>
  <testcase name="ClickCreateOneLinkNewTab" time="12.275" classname="dominoFramework.test.DefaultPageTest"/>
  <testcase name="ClickMainCoupon" time="14.384" classname="dominoFramework.test.DefaultPageTest"/>
  <testcase name="ClickSideBottomCoupon" time="21.506" classname="dominoFramework.test.DefaultPageTest"/>
  <testcase name="ClickCreateOneLink" time="19.490" classname="dominoFramework.test.DefaultPageTest"/>
</testsuite> <!-- dominoFramework.test.DefaultPageTest -->
